=====================================
 To: Dhamaka Store (PC/192.168.1.12/Dhamaka Store-<234985bbb61d2087>)
  at Tue Jan 16 14:45:55 2018 (RSA2/Signed)(sealed)
-------------------------------------
hi

=====================================
 From: Meenu Singh (MEENU/192.168.1.14/Meenu Singh-<94d4541a65d000ae>)
  at Tue Jan 16 14:50:01 2018 (RSA2)(sealed)
-------------------------------------
hiii

=====================================
 To: Meenu Singh (MEENU/192.168.1.14/Meenu Singh-<94d4541a65d000ae>)
  at Tue Jan 16 15:02:16 2018 (RSA2/Signed)(sealed)
-------------------------------------
>hiii
hi

=====================================
 From: Rubirth IT (RUBIRTH/192.168.1.11/Rubirth IT-<24e9eead0e83cf8e>)
  at Tue Jan 16 16:49:59 2018 (RSA2)(sealed)
-------------------------------------
can u n hahitha come to my cabin 

=====================================
 From: Rubirth IT (RUBIRTH/192.168.1.11/Rubirth IT-<24e9eead0e83cf8e>)
  at Mon Jan 22 16:42:28 2018 (RSA2/Signed)(sealed)
-------------------------------------
come to cabin once vijay

=====================================
 To: Rubirth IT (RUBIRTH/192.168.1.11/Rubirth IT-<24e9eead0e83cf8e>)
  at Mon Jan 22 16:42:51 2018 (RSA2/Signed)(sealed)
-------------------------------------
>come to cabin once vijay
ok sir


=====================================
 To: Rubirth IT (RUBIRTH/192.168.1.11/Rubirth IT-<24e9eead0e83cf8e>)
  at Mon Jan 29 16:07:19 2018 (RSA2/Signed)(sealed)
-------------------------------------
I have gone  through your email of profile management project  is there any SRS or design please send sir

=====================================
 To: Dhamaka Store (PC/192.168.1.12/Dhamaka Store-<234985bbb61d2087>)
  at Mon Jan 29 16:08:54 2018 (RSA2/Signed)(sealed)
-------------------------------------
hi

=====================================
 To: Rubirth IT (RUBIRTH/192.168.1.11/Rubirth IT-<24e9eead0e83cf8e>)
  at Mon Jan 29 16:17:48 2018 (RSA2/Signed)(sealed)
-------------------------------------
Sir I hava gone through your email about profile management project is there any SRS or Disgn pattern for this project if you have please send us .

=====================================
 From: Rubirth IT (RUBIRTH/192.168.1.12/Rubirth IT-<24e9eead0e83cf8e>)
  at Fri Mar 02 16:10:02 2018 (RSA2/Signed)(sealed)
-------------------------------------
come to my cabin vijay

